1                                                          The SAS System                         09:46 Wednesday, November 16, 2022

NOTE: Copyright (c) 2016 by SAS Institute Inc., Cary, NC, USA. 
NOTE: SAS (r) Proprietary Software 9.4 (TS1M7) 
      Licensed to HARVARD UNIVERSITY - SFA T&R, Site 70106881.
NOTE: This session is executing on the Linux 4.18.0-372.32.1.el8_6.x86_64 (LIN X64) platform.



NOTE: Analytical products:
      
      SAS/STAT 15.2
      SAS/ETS 15.2
      SAS/OR 15.2
      SAS/IML 15.2
      SAS/QC 15.2

NOTE: Additional host information:

 Linux LIN X64 4.18.0-372.32.1.el8_6.x86_64 #1 SMP Fri Oct 7 12:35:10 EDT 2022 x86_64 Red Hat Enterprise Linux release 8.6 (Ootpa) 

You are running SAS 9. Some SAS 8 files will be automatically converted 
by the V9 engine; others are incompatible.  Please see 
http://support.sas.com/rnd/migration/planning/platform/64bit.html

PROC MIGRATE will preserve current SAS file attributes and is 
recommended for converting all your SAS libraries from any 
SAS 8 release to SAS 9.  For details and examples, please see
http://support.sas.com/rnd/migration/index.html


This message is contained in the SAS news file, and is presented upon
initialization.  Edit the file "news" in the "misc/base" directory to
display site-specific news and information in the program log.
The command line option "-nonews" will prevent this display.




NOTE: SAS initialization used:
      real time           0.08 seconds
      cpu time            0.04 seconds
      
1          * ============================================================================;
2          * Setup;
3          * ============================================================================;
4          
5          * Set path for log;
6          proc printto log="/home/kissler/StrepPharyngitis/logs/extract_geography_log.txt" new;
7          run;


ERROR: Physical file does not exist, /home/kissler/StrepPharyngitis/logs/extract_geography_log.txt.
NOTE: The SAS System stopped processing this step because of errors.
NOTE: PROCEDURE PRINTTO used (Total process time):
      real time           0.00 seconds
      cpu time            0.00 seconds
      
8          
9          * Set path for printing output;
2                                                          The SAS System                         09:46 Wednesday, November 16, 2022



10         proc printto print="/home/kissler/StrepPharyngitis/logs/extract_geography_out.txt" new;
11         run;


ERROR: Physical file does not exist, /home/kissler/StrepPharyngitis/logs/extract_geography_out.txt.
NOTE: The SAS System stopped processing this step because of errors.
NOTE: Due to ERROR(s) above, SAS set option OBS=0, enabling syntax check mode. 
      This prevents execution of subsequent data modification statements.
NOTE: PROCEDURE PRINTTO used (Total process time):
      real time           0.00 seconds
      cpu time            0.00 seconds
      
12         
13         * Make sure there's nothing in the 'work' library;


14         proc datasets lib=work nolist kill;
14       !                                     quit;

NOTE: PROCEDURE DATASETS used (Total process time):
      real time           0.02 seconds
      cpu time            0.03 seconds
      

14       !                                           run;
15         
16         * Specify data and output libraries;
17         libname out "/home/kissler/StrepPharyngitis/output/private/";
NOTE: Libref OUT was successfully assigned as follows: 
      Engine:        V9 
      Physical Name: /home/kissler/StrepPharyngitis/output/private
18         libname dathome "/data/markscan_authorized/data";
NOTE: Libref DATHOME was successfully assigned as follows: 
      Engine:        V9 
      Physical Name: /data/markscan_authorized/data
19         libname dat15 "/data/markscan_authorized/data/commercial/2015";
NOTE: Libref DAT15 was successfully assigned as follows: 
      Engine:        V9 
      Physical Name: /data/markscan_authorized/data/commercial/2015
20         libname dat16 "/data/markscan_authorized/data/commercial/2016";
NOTE: Libref DAT16 was successfully assigned as follows: 
      Engine:        V9 
      Physical Name: /data/markscan_authorized/data/commercial/2016
21         libname dat17 "/data/markscan_authorized/data/commercial/2017";
NOTE: Libref DAT17 was successfully assigned as follows: 
      Engine:        V9 
      Physical Name: /data/markscan_authorized/data/commercial/2017
22         libname dat18 "/data/markscan_authorized/data/commercial/2018";
NOTE: Libref DAT18 was successfully assigned as follows: 
      Engine:        V9 
      Physical Name: /data/markscan_authorized/data/commercial/2018
23         
24         * Import and process table of days per month --------------------------------;
NOTE: PROCEDURE IMPORT used (Total process time):
      real time           0.00 seconds
      cpu time            0.00 seconds
3                                                          The SAS System                         09:46 Wednesday, November 16, 2022

      
NOTE: The SAS System stopped processing this step because of errors.
25         proc import datafile="/home/kissler/StrepPharyngitis/data/dayspermonth.csv"
26                 out=dayspermonth
27                 dbms=csv
28                 replace;
29         run;
30         


31         proc sort data=dayspermonth;
ERROR: File WORK.DAYSPERMONTH.DATA does not exist.
32         	by DT_MONTH;
ERROR: No data set open to look up variables.
33         run;

NOTE: The SAS System stopped processing this step because of errors.
NOTE: PROCEDURE SORT used (Total process time):
      real time           0.00 seconds
      cpu time            0.00 seconds
      
34         
35         * Import and process table of US states --------------------------------------;


NOTE: PROCEDURE IMPORT used (Total process time):
      real time           0.00 seconds
      cpu time            0.00 seconds
      
NOTE: The SAS System stopped processing this step because of errors.
36         proc import datafile="/home/kissler/StrepPharyngitis/data/EGEOLOClist_char.csv"
37                 out=EGEOLOClist
38                 dbms=csv
39                 replace;
40         run;
41         
42         * Make sure variable lengths are sufficient to avoid truncation:;


43         data EGEOLOClist;
44         	length STATE $30;
45             set EGEOLOClist(rename=(STATE=STATE_orig));
ERROR: File WORK.EGEOLOCLIST.DATA does not exist.
46             STATE=STATE_orig;
47         run;

NOTE: The SAS System stopped processing this step because of errors.
WARNING: The data set WORK.EGEOLOCLIST may be incomplete.  When this step was stopped there were 0 observations and 2 variables.
NOTE: DATA statement used (Total process time):
      real time           0.00 seconds
      cpu time            0.00 seconds
      

48         
49         proc sort data=EGEOLOClist;
50         	by EGEOLOC;
ERROR: Variable EGEOLOC not found.
51         run;
4                                                          The SAS System                         09:46 Wednesday, November 16, 2022


NOTE: The SAS System stopped processing this step because of errors.
NOTE: PROCEDURE SORT used (Total process time):
      real time           0.00 seconds
      cpu time            0.00 seconds
      
52         
53         * Import and process table of medical conditions -----------------------------;


NOTE: PROCEDURE IMPORT used (Total process time):
      real time           0.00 seconds
      cpu time            0.00 seconds
      
NOTE: The SAS System stopped processing this step because of errors.
54         proc import datafile="/home/kissler/StrepPharyngitis/data/ccs_map_geography.csv"
55                 out=ccs_map
56                 dbms=csv
57                 replace;
58         run;
59         
60         * Make sure variable lengths are sufficient to avoid truncation:;


61         data ccs_map (keep=DX COND ICD PRIORITY);
62         	length DX $30 COND $100;
63             set ccs_map(rename=(DX=DX_orig COND=COND_orig));
ERROR: File WORK.CCS_MAP.DATA does not exist.
64             DX=DX_orig;
65             COND=COND_orig;
66         run;

WARNING: The variable ICD in the DROP, KEEP, or RENAME list has never been referenced.
WARNING: The variable PRIORITY in the DROP, KEEP, or RENAME list has never been referenced.
NOTE: The SAS System stopped processing this step because of errors.
WARNING: The data set WORK.CCS_MAP may be incomplete.  When this step was stopped there were 0 observations and 2 variables.
NOTE: DATA statement used (Total process time):
      real time           0.00 seconds
      cpu time            0.00 seconds
      

67         
68         proc sort data=ccs_map;
69         	by DX;
70         run;

NOTE: PROCEDURE SORT used (Total process time):
      real time           0.00 seconds
      cpu time            0.00 seconds
      

71         
72         * ============================================================================;
73         * Define extraction/reduction scripts;
74         * ============================================================================;
75         
76         * Extract cohort of people who are represented for the entire year;
77         %macro getcohort(year=,yeartag=);
5                                                          The SAS System                         09:46 Wednesday, November 16, 2022

78         
79         	* Initial import, ensuring we have RX data;
80         	data GeoCohort&year. (keep=AGE DT_MONTH EGEOLOC ENROLID MEMDAYS SEX);
81         		set dat&year..ccaet&year.&yeartag. (keep=AGE DTSTART EGEOLOC ENROLID MEMDAYS SEX);
82         		DT_MONTH=month(DTSTART);
83         	run;
84         
85         	* Restrict to valid states;
86         	proc sort data=GeoCohort&year.;
87         		by EGEOLOC;
88         	run;
89         
90         	data GeoCohort&year. (keep=AGE DT_MONTH STATE ENROLID MEMDAYS SEX);
91         		merge EGEOLOClist (in=inleft)
92         		GeoCohort&year. (in=inright);
93         		by EGEOLOC;
94         		IF inleft & inright;
95         	run;
96         
97         	* Restrict to those with complete coverage through the year;
98         	proc sort data=GeoCohort&year.;
99         		by DT_MONTH;
100        	run;
101        
102        	data GeoCohort&year. (keep=AGE DT_MONTH STATE ENROLID MEMDAYS SEX NDAYS where=(MEMDAYS>=NDAYS));
103        		merge dayspermonth (in=inleft)
104        		GeoCohort&year. (in=inright);
105        		by DT_MONTH;
106        		IF inleft & inright;
107        	run;
108        
109        	* Sort so that we extract age in January;
110        	proc sort data=GeoCohort&year.;
111        		by ENROLID descending DT_MONTH;
112        	run;	
113        
114        	* Count months of enrollment and only keep those with 12;
115        	* https://stats.idre.ucla.edu/sas/faq/how-can-i-create-an-enumeration-variable-by-groups/;
116        	data GeoCohort&year. (keep=AGE DT_MONTH STATE ENROLID SEX COUNT where=(COUNT=12));
117        		set GeoCohort&year.;
118        		COUNT + 1;
119        		by ENROLID;
120        		if first.ENROLID then COUNT = 1;
121        	run;
122        
123        	* Turn age into age groups;
124        	data GeoCohort&year. (keep=AGEGRP STATE ENROLID SEX);
125        		set GeoCohort&year.;
126        		if AGE>=80 then AGEGRP="80plus";
127        		else if AGE>=70 then AGEGRP="70_79";
128        		else if AGE>=60 then AGEGRP="60_69";
129        		else if AGE>=50 then AGEGRP="50_59";
130        		else if AGE>=40 then AGEGRP="40_49";
131        		else if AGE>=30 then AGEGRP="30_39";
132        		else if AGE>=20 then AGEGRP="20_29";
133        		else if AGE>=10 then AGEGRP="10_19";
134        		else if AGE>=5 then AGEGRP="05_09";
135        		else if AGE>=0 then AGEGRP="00_04";
6                                                          The SAS System                         09:46 Wednesday, November 16, 2022

136        	run;
137        
138        	* Sort cohort table by ENROLID for joining later;
139        	proc sort data=GeoCohort&year.;
140        		by ENROLID;
141        	run;
142        
143        %mend;
144        
145        
146        %macro getvisits(year=,yeartag=);
147        	
148        	* Import 'o' (outpatient claims) and reduce to those in the cohort;
149        	data GeoVisits&year. (keep=DX1 DX2 ENROLID SVCDATE DXVER);
150        		merge GeoCohort&year. (in=inleft)
151        		dat&year..ccaeo&year.&yeartag. (in=inright keep=DX1 DX2 ENROLID SVCDATE DXVER);
152        		by ENROLID;
153        		IF inleft & inright;
154        	run;
155        
156        	* Specify lengths for the diagnosis variables to avoid truncation;
157        	data GeoVisits&year. (keep=DX1 DX2 ENROLID SVCDATE ICD);
158        		rename DXVER=ICD;
159        		length DX1 $30 DX2 $30;
160        	    set GeoVisits&year.(rename=(DX1=DX1_orig DX2=DX2_orig));
161        	    DX1=DX1_orig;
162        	    DX2=DX2_orig;
163        	run;
164        
165        	* Reduce to unique person-dates for outpatient visits;
166        	proc sort data=GeoVisits&year. nodupkey;
167        		by ENROLID SVCDATE;
168        	run;
169        
170        	* Append conditions for DX1;
171        	proc sort data=GeoVisits&year.;
172        		by DX1 ICD;
173        	run;
174        
175        	data GeoVisits&year. (keep=DX2 ENROLID SVCDATE ICD COND1 PRIORITY1);
176        		merge ccs_map (rename=(DX=DX1 COND=COND1 PRIORITY=PRIORITY1) in=inleft)
177        		GeoVisits&year. (in=inright);
178        		by DX1 ICD;
179        		if inright;
180        		if inleft then COND1=COND1;
181        		else COND1="Other";
182        		if inleft then PRIORITY1=PRIORITY1;
183        		else PRIORITY1=1000000;
184        	run;
185        
186        	* Append conditions for DX2;
187        	proc sort data=GeoVisits&year.;
188        		by DX2 ICD;
189        	run;
190        
191        	data GeoVisits&year. (keep=ENROLID SVCDATE ICD COND1 PRIORITY1 COND2 PRIORITY2);
192        		merge ccs_map (rename=(DX=DX2 COND=COND2 PRIORITY=PRIORITY2) in=inleft)
193        		GeoVisits&year. (in=inright);
7                                                          The SAS System                         09:46 Wednesday, November 16, 2022

194        		by DX2 ICD;
195        		if inright;
196        		if inleft then COND2=COND2;
197        		else COND2="Other";
198        		if inleft then PRIORITY2=PRIORITY2;
199        		else PRIORITY2=1000000;
200        	run;
201        
202        	* Identify the primary condition;
203        	data GeoVisits&year. (keep=ENROLID SVCDATE PRIMARYCOND);
204        		set GeoVisits&year.;
205        		if PRIORITY1<=PRIORITY2 then PRIMARYCOND=COND1;
206        		else PRIMARYCOND=COND2;
207        	run;
208        
209        	* Sort to prepare for summarizing prevalence;
210        	proc sort data=GeoVisits&year.;
211        		by ENROLID SVCDATE;
212        	run;
213        
214        %mend;
215        
216        
217        %macro reducedata(year=,yeartag=);
218        
219        	* Append demographic data to visits;
220        	data GeoVisits&year. (keep=STATE AGEGRP SEX PRIMARYCOND);
221        		merge GeoVisits&year. (keep=ENROLID PRIMARYCOND in=inleft)
222        		GeoCohort&year. (keep=ENROLID STATE AGEGRP SEX in=inright);
223        		by ENROLID;
224        		if inleft;
225        	run;
226        
227        	* Arrange visits;
228        	proc sort data=GeoVisits&year.;
229        		by STATE AGEGRP SEX PRIMARYCOND;
230        	run;
231        
232        	* Sum visits by category;
233        	data GeoVisits&year. (keep=STATE AGEGRP SEX PRIMARYCOND NVISITS);
234        		set GeoVisits&year.;
235        		NVISITS + 1;
236        		by STATE AGEGRP SEX PRIMARYCOND;
237        		if first.STATE or first.AGEGRP or first.SEX or first.PRIMARYCOND then NVISITS = 1;
238        		if last.STATE or last.AGEGRP or last.SEX or last.PRIMARYCOND;
239        	run;
240        
241        	* Sum cohort sizes;
242        	proc sort data=GeoCohort&year.;
243        		by STATE AGEGRP SEX;
244        	run;
245        
246        	data GeoCohort&year. (keep=STATE AGEGRP SEX NMEMB);
247        		set GeoCohort&year.;
248        		NMEMB + 1;
249        		by STATE AGEGRP SEX;
250        		if first.STATE or first.AGEGRP or first.SEX then NMEMB = 1;
251        		if last.STATE or last.AGEGRP or last.SEX;
8                                                          The SAS System                         09:46 Wednesday, November 16, 2022

252        	run;
253        
254        	* Join cohort sizes;
255        	data GeoTable&year.;
256        		merge GeoVisits&year. (in=inleft)
257        		GeoCohort&year. (in=inright);
258        		by STATE AGEGRP SEX;
259        		if inright;
260        	run;
261        
262        	* Clean entries;
263        	data GeoTable&year.;
264        		set GeoTable&year.;
265        		if missing(NVISITS) then NVISITS=0;
266        		if STATE="North Carolin" then STATE="North Carolina";
267        		if STATE="South Carolin" then STATE="South Carolina";
268        	run;
269        
270        %mend;
271        
272        %macro cleanup(year=,yeartag=);
273        	proc delete data=GeoCohort&year.; run;
274        	proc delete data=GeoVisits&year.; run;
275        %mend
276        
277        * ============================================================================;
WARNING: Extraneous text on %MEND statement ignored for macro definition CLEANUP.
278        * Do the reduction;
279        * ============================================================================;
280        
281        %getcohort(year=15, yeartag=1sam); *1sam;

NOTE: The data set WORK.GEOCOHORT15 has 0 observations and 6 variables.
NOTE: DATA statement used (Total process time):
      real time           0.03 seconds
      cpu time            0.00 seconds
      


NOTE: PROCEDURE SORT used (Total process time):
      real time           0.00 seconds
      cpu time            0.00 seconds
      


NOTE: The data set WORK.GEOCOHORT15 has 0 observations and 6 variables.
WARNING: Data set WORK.GEOCOHORT15 was not replaced because this step was stopped.
NOTE: DATA statement used (Total process time):
      real time           0.00 seconds
      cpu time            0.00 seconds
      


NOTE: PROCEDURE SORT used (Total process time):
      real time           0.00 seconds
      cpu time            0.00 seconds
      

9                                                          The SAS System                         09:46 Wednesday, November 16, 2022

ERROR: File WORK.DAYSPERMONTH.DATA does not exist.

WARNING: The variable STATE in the DROP, KEEP, or RENAME list has never been referenced.
WARNING: The variable NDAYS in the DROP, KEEP, or RENAME list has never been referenced.
ERROR: Variable NDAYS is not on file WORK.GEOCOHORT15.
NOTE: The SAS System stopped processing this step because of errors.
WARNING: The data set WORK.GEOCOHORT15 may be incomplete.  When this step was stopped there were 0 observations and 5 variables.
WARNING: Data set WORK.GEOCOHORT15 was not replaced because this step was stopped.
NOTE: DATA statement used (Total process time):
      real time           0.00 seconds
      cpu time            0.00 seconds
      



NOTE: PROCEDURE SORT used (Total process time):
      real time           0.00 seconds
      cpu time            0.00 seconds
      


WARNING: The variable STATE in the DROP, KEEP, or RENAME list has never been referenced.
NOTE: The data set WORK.GEOCOHORT15 has 0 observations and 5 variables.
WARNING: Data set WORK.GEOCOHORT15 was not replaced because this step was stopped.
NOTE: DATA statement used (Total process time):
      real time           0.00 seconds
      cpu time            0.00 seconds
      


WARNING: The variable STATE in the DROP, KEEP, or RENAME list has never been referenced.
NOTE: The data set WORK.GEOCOHORT15 has 0 observations and 3 variables.
WARNING: Data set WORK.GEOCOHORT15 was not replaced because this step was stopped.
NOTE: DATA statement used (Total process time):
      real time           0.00 seconds
      cpu time            0.01 seconds
      


NOTE: PROCEDURE SORT used (Total process time):
      real time           0.00 seconds
      cpu time            0.00 seconds
      

282        %getvisits(year=15, yeartag=1sam); *1sam;

NOTE: The data set WORK.GEOVISITS15 has 0 observations and 5 variables.
NOTE: DATA statement used (Total process time):
      real time           0.02 seconds
      cpu time            0.00 seconds
      


NOTE: The data set WORK.GEOVISITS15 has 0 observations and 5 variables.
WARNING: Data set WORK.GEOVISITS15 was not replaced because this step was stopped.
NOTE: DATA statement used (Total process time):
      real time           0.00 seconds
      cpu time            0.00 seconds
10                                                         The SAS System                         09:46 Wednesday, November 16, 2022

      


NOTE: PROCEDURE SORT used (Total process time):
      real time           0.00 seconds
      cpu time            0.00 seconds
      

ERROR: Variable ICD not found.

NOTE: The SAS System stopped processing this step because of errors.
NOTE: PROCEDURE SORT used (Total process time):
      real time           0.00 seconds
      cpu time            0.00 seconds
      


ERROR: Variable PRIORITY is not on file WORK.CCS_MAP.
ERROR: Invalid DROP, KEEP, or RENAME option on file WORK.CCS_MAP.

NOTE: Character values have been converted to numeric values at the places given by: (Line):(Column).
      282:40   
WARNING: The variable ICD in the DROP, KEEP, or RENAME list has never been referenced.
NOTE: The SAS System stopped processing this step because of errors.
WARNING: The data set WORK.GEOVISITS15 may be incomplete.  When this step was stopped there were 0 observations and 5 variables.
WARNING: Data set WORK.GEOVISITS15 was not replaced because this step was stopped.
NOTE: DATA statement used (Total process time):
      real time           0.00 seconds
      cpu time            0.00 seconds
      


ERROR: Variable ICD not found.

NOTE: The SAS System stopped processing this step because of errors.
NOTE: PROCEDURE SORT used (Total process time):
      real time           0.00 seconds
      cpu time            0.00 seconds
      


ERROR: Variable PRIORITY is not on file WORK.CCS_MAP.
ERROR: Invalid DROP, KEEP, or RENAME option on file WORK.CCS_MAP.

NOTE: Character values have been converted to numeric values at the places given by: (Line):(Column).
      282:213   
WARNING: The variable ICD in the DROP, KEEP, or RENAME list has never been referenced.
WARNING: The variable COND1 in the DROP, KEEP, or RENAME list has never been referenced.
WARNING: The variable PRIORITY1 in the DROP, KEEP, or RENAME list has never been referenced.
NOTE: The SAS System stopped processing this step because of errors.
WARNING: The data set WORK.GEOVISITS15 may be incomplete.  When this step was stopped there were 0 observations and 4 variables.
WARNING: Data set WORK.GEOVISITS15 was not replaced because this step was stopped.
NOTE: DATA statement used (Total process time):
      real time           0.00 seconds
      cpu time            0.00 seconds
      


11                                                         The SAS System                         09:46 Wednesday, November 16, 2022


NOTE: The data set WORK.GEOVISITS15 has 0 observations and 3 variables.
WARNING: Data set WORK.GEOVISITS15 was not replaced because this step was stopped.
NOTE: DATA statement used (Total process time):
      real time           0.00 seconds
      cpu time            0.00 seconds
      


NOTE: PROCEDURE SORT used (Total process time):
      real time           0.00 seconds
      cpu time            0.00 seconds
      

283        %reducedata(year=15, yeartag=1sam); *1sam;
ERROR: The variable PRIMARYCOND in the DROP, KEEP, or RENAME list has never been referenced.
ERROR: Invalid DROP, KEEP, or RENAME option on file WORK.GEOVISITS15.
ERROR: The variable STATE in the DROP, KEEP, or RENAME list has never been referenced.
ERROR: The variable AGEGRP in the DROP, KEEP, or RENAME list has never been referenced.
ERROR: Invalid DROP, KEEP, or RENAME option on file WORK.GEOCOHORT15.

WARNING: The variable STATE in the DROP, KEEP, or RENAME list has never been referenced.
WARNING: The variable AGEGRP in the DROP, KEEP, or RENAME list has never been referenced.
WARNING: The variable SEX in the DROP, KEEP, or RENAME list has never been referenced.
WARNING: The variable PRIMARYCOND in the DROP, KEEP, or RENAME list has never been referenced.
NOTE: The SAS System stopped processing this step because of errors.
WARNING: The data set WORK.GEOVISITS15 may be incomplete.  When this step was stopped there were 0 observations and 0 variables.
WARNING: Data set WORK.GEOVISITS15 was not replaced because this step was stopped.
NOTE: DATA statement used (Total process time):
      real time           0.00 seconds
      cpu time            0.00 seconds
      

ERROR: Variable STATE not found.
ERROR: Variable AGEGRP not found.
ERROR: Variable SEX not found.
ERROR: Variable PRIMARYCOND not found.

NOTE: The SAS System stopped processing this step because of errors.
NOTE: PROCEDURE SORT used (Total process time):
      real time           0.00 seconds
      cpu time            0.00 seconds
      



WARNING: The variable STATE in the DROP, KEEP, or RENAME list has never been referenced.
WARNING: The variable AGEGRP in the DROP, KEEP, or RENAME list has never been referenced.
WARNING: The variable SEX in the DROP, KEEP, or RENAME list has never been referenced.
WARNING: The variable PRIMARYCOND in the DROP, KEEP, or RENAME list has never been referenced.
NOTE: The data set WORK.GEOVISITS15 has 0 observations and 1 variables.
WARNING: Data set WORK.GEOVISITS15 was not replaced because this step was stopped.
NOTE: DATA statement used (Total process time):
      real time           0.00 seconds
      cpu time            0.00 seconds
      

ERROR: Variable STATE not found.
12                                                         The SAS System                         09:46 Wednesday, November 16, 2022

ERROR: Variable AGEGRP not found.

NOTE: The SAS System stopped processing this step because of errors.
NOTE: PROCEDURE SORT used (Total process time):
      real time           0.00 seconds
      cpu time            0.00 seconds
      



WARNING: The variable STATE in the DROP, KEEP, or RENAME list has never been referenced.
WARNING: The variable AGEGRP in the DROP, KEEP, or RENAME list has never been referenced.
NOTE: The data set WORK.GEOCOHORT15 has 0 observations and 2 variables.
WARNING: Data set WORK.GEOCOHORT15 was not replaced because this step was stopped.
NOTE: DATA statement used (Total process time):
      real time           0.00 seconds
      cpu time            0.01 seconds
      


NOTE: The data set WORK.GEOTABLE15 has 0 observations and 10 variables.
NOTE: DATA statement used (Total process time):
      real time           0.00 seconds
      cpu time            0.00 seconds
      


NOTE: The data set WORK.GEOTABLE15 has 0 observations and 12 variables.
WARNING: Data set WORK.GEOTABLE15 was not replaced because this step was stopped.
NOTE: DATA statement used (Total process time):
      real time           0.00 seconds
      cpu time            0.00 seconds
      

284        %cleanup(year=15, yeartag=1sam); *1sam;

NOTE: PROCEDURE DELETE used (Total process time):
      real time           0.00 seconds
      cpu time            0.00 seconds
      


NOTE: PROCEDURE DELETE used (Total process time):
      real time           0.00 seconds
      cpu time            0.00 seconds
      

285        
286        %getcohort(year=16, yeartag=1sam); *1sam;

NOTE: The data set WORK.GEOCOHORT16 has 0 observations and 6 variables.
NOTE: DATA statement used (Total process time):
      real time           0.03 seconds
      cpu time            0.01 seconds
      


NOTE: PROCEDURE SORT used (Total process time):
13                                                         The SAS System                         09:46 Wednesday, November 16, 2022

      real time           0.00 seconds
      cpu time            0.00 seconds
      


NOTE: The data set WORK.GEOCOHORT16 has 0 observations and 6 variables.
WARNING: Data set WORK.GEOCOHORT16 was not replaced because this step was stopped.
NOTE: DATA statement used (Total process time):
      real time           0.00 seconds
      cpu time            0.00 seconds
      


NOTE: PROCEDURE SORT used (Total process time):
      real time           0.00 seconds
      cpu time            0.00 seconds
      

ERROR: File WORK.DAYSPERMONTH.DATA does not exist.

WARNING: The variable STATE in the DROP, KEEP, or RENAME list has never been referenced.
WARNING: The variable NDAYS in the DROP, KEEP, or RENAME list has never been referenced.
ERROR: Variable NDAYS is not on file WORK.GEOCOHORT16.
NOTE: The SAS System stopped processing this step because of errors.
WARNING: The data set WORK.GEOCOHORT16 may be incomplete.  When this step was stopped there were 0 observations and 5 variables.
WARNING: Data set WORK.GEOCOHORT16 was not replaced because this step was stopped.
NOTE: DATA statement used (Total process time):
      real time           0.00 seconds
      cpu time            0.00 seconds
      



NOTE: PROCEDURE SORT used (Total process time):
      real time           0.00 seconds
      cpu time            0.00 seconds
      


WARNING: The variable STATE in the DROP, KEEP, or RENAME list has never been referenced.
NOTE: The data set WORK.GEOCOHORT16 has 0 observations and 5 variables.
WARNING: Data set WORK.GEOCOHORT16 was not replaced because this step was stopped.
NOTE: DATA statement used (Total process time):
      real time           0.00 seconds
      cpu time            0.00 seconds
      


WARNING: The variable STATE in the DROP, KEEP, or RENAME list has never been referenced.
NOTE: The data set WORK.GEOCOHORT16 has 0 observations and 3 variables.
WARNING: Data set WORK.GEOCOHORT16 was not replaced because this step was stopped.
NOTE: DATA statement used (Total process time):
      real time           0.00 seconds
      cpu time            0.00 seconds
      


NOTE: PROCEDURE SORT used (Total process time):
14                                                         The SAS System                         09:46 Wednesday, November 16, 2022

      real time           0.00 seconds
      cpu time            0.00 seconds
      

287        %getvisits(year=16, yeartag=1sam); *1sam;

NOTE: The data set WORK.GEOVISITS16 has 0 observations and 5 variables.
NOTE: DATA statement used (Total process time):
      real time           0.03 seconds
      cpu time            0.01 seconds
      


NOTE: The data set WORK.GEOVISITS16 has 0 observations and 5 variables.
WARNING: Data set WORK.GEOVISITS16 was not replaced because this step was stopped.
NOTE: DATA statement used (Total process time):
      real time           0.00 seconds
      cpu time            0.00 seconds
      


NOTE: PROCEDURE SORT used (Total process time):
      real time           0.00 seconds
      cpu time            0.00 seconds
      

ERROR: Variable ICD not found.

NOTE: The SAS System stopped processing this step because of errors.
NOTE: PROCEDURE SORT used (Total process time):
      real time           0.00 seconds
      cpu time            0.00 seconds
      


ERROR: Variable PRIORITY is not on file WORK.CCS_MAP.
ERROR: Invalid DROP, KEEP, or RENAME option on file WORK.CCS_MAP.

NOTE: Character values have been converted to numeric values at the places given by: (Line):(Column).
      287:40   
WARNING: The variable ICD in the DROP, KEEP, or RENAME list has never been referenced.
NOTE: The SAS System stopped processing this step because of errors.
WARNING: The data set WORK.GEOVISITS16 may be incomplete.  When this step was stopped there were 0 observations and 5 variables.
WARNING: Data set WORK.GEOVISITS16 was not replaced because this step was stopped.
NOTE: DATA statement used (Total process time):
      real time           0.00 seconds
      cpu time            0.00 seconds
      


ERROR: Variable ICD not found.

NOTE: The SAS System stopped processing this step because of errors.
NOTE: PROCEDURE SORT used (Total process time):
      real time           0.00 seconds
      cpu time            0.00 seconds
      

15                                                         The SAS System                         09:46 Wednesday, November 16, 2022


ERROR: Variable PRIORITY is not on file WORK.CCS_MAP.
ERROR: Invalid DROP, KEEP, or RENAME option on file WORK.CCS_MAP.

NOTE: Character values have been converted to numeric values at the places given by: (Line):(Column).
      287:213   
WARNING: The variable ICD in the DROP, KEEP, or RENAME list has never been referenced.
WARNING: The variable COND1 in the DROP, KEEP, or RENAME list has never been referenced.
WARNING: The variable PRIORITY1 in the DROP, KEEP, or RENAME list has never been referenced.
NOTE: The SAS System stopped processing this step because of errors.
WARNING: The data set WORK.GEOVISITS16 may be incomplete.  When this step was stopped there were 0 observations and 4 variables.
WARNING: Data set WORK.GEOVISITS16 was not replaced because this step was stopped.
NOTE: DATA statement used (Total process time):
      real time           0.00 seconds
      cpu time            0.00 seconds
      



NOTE: The data set WORK.GEOVISITS16 has 0 observations and 3 variables.
WARNING: Data set WORK.GEOVISITS16 was not replaced because this step was stopped.
NOTE: DATA statement used (Total process time):
      real time           0.00 seconds
      cpu time            0.01 seconds
      


NOTE: PROCEDURE SORT used (Total process time):
      real time           0.00 seconds
      cpu time            0.00 seconds
      

288        %reducedata(year=16, yeartag=1sam); *1sam;
ERROR: The variable PRIMARYCOND in the DROP, KEEP, or RENAME list has never been referenced.
ERROR: Invalid DROP, KEEP, or RENAME option on file WORK.GEOVISITS16.
ERROR: The variable STATE in the DROP, KEEP, or RENAME list has never been referenced.
ERROR: The variable AGEGRP in the DROP, KEEP, or RENAME list has never been referenced.
ERROR: Invalid DROP, KEEP, or RENAME option on file WORK.GEOCOHORT16.

WARNING: The variable STATE in the DROP, KEEP, or RENAME list has never been referenced.
WARNING: The variable AGEGRP in the DROP, KEEP, or RENAME list has never been referenced.
WARNING: The variable SEX in the DROP, KEEP, or RENAME list has never been referenced.
WARNING: The variable PRIMARYCOND in the DROP, KEEP, or RENAME list has never been referenced.
NOTE: The SAS System stopped processing this step because of errors.
WARNING: The data set WORK.GEOVISITS16 may be incomplete.  When this step was stopped there were 0 observations and 0 variables.
WARNING: Data set WORK.GEOVISITS16 was not replaced because this step was stopped.
NOTE: DATA statement used (Total process time):
      real time           0.00 seconds
      cpu time            0.00 seconds
      

ERROR: Variable STATE not found.
ERROR: Variable AGEGRP not found.
ERROR: Variable SEX not found.
ERROR: Variable PRIMARYCOND not found.

NOTE: The SAS System stopped processing this step because of errors.
NOTE: PROCEDURE SORT used (Total process time):
16                                                         The SAS System                         09:46 Wednesday, November 16, 2022

      real time           0.00 seconds
      cpu time            0.00 seconds
      



WARNING: The variable STATE in the DROP, KEEP, or RENAME list has never been referenced.
WARNING: The variable AGEGRP in the DROP, KEEP, or RENAME list has never been referenced.
WARNING: The variable SEX in the DROP, KEEP, or RENAME list has never been referenced.
WARNING: The variable PRIMARYCOND in the DROP, KEEP, or RENAME list has never been referenced.
NOTE: The data set WORK.GEOVISITS16 has 0 observations and 1 variables.
WARNING: Data set WORK.GEOVISITS16 was not replaced because this step was stopped.
NOTE: DATA statement used (Total process time):
      real time           0.00 seconds
      cpu time            0.00 seconds
      

ERROR: Variable STATE not found.
ERROR: Variable AGEGRP not found.

NOTE: The SAS System stopped processing this step because of errors.
NOTE: PROCEDURE SORT used (Total process time):
      real time           0.00 seconds
      cpu time            0.00 seconds
      



WARNING: The variable STATE in the DROP, KEEP, or RENAME list has never been referenced.
WARNING: The variable AGEGRP in the DROP, KEEP, or RENAME list has never been referenced.
NOTE: The data set WORK.GEOCOHORT16 has 0 observations and 2 variables.
WARNING: Data set WORK.GEOCOHORT16 was not replaced because this step was stopped.
NOTE: DATA statement used (Total process time):
      real time           0.00 seconds
      cpu time            0.00 seconds
      


NOTE: The data set WORK.GEOTABLE16 has 0 observations and 10 variables.
NOTE: DATA statement used (Total process time):
      real time           0.00 seconds
      cpu time            0.00 seconds
      


NOTE: The data set WORK.GEOTABLE16 has 0 observations and 12 variables.
WARNING: Data set WORK.GEOTABLE16 was not replaced because this step was stopped.
NOTE: DATA statement used (Total process time):
      real time           0.00 seconds
      cpu time            0.00 seconds
      

289        %cleanup(year=16, yeartag=1sam); *1sam;

NOTE: PROCEDURE DELETE used (Total process time):
      real time           0.00 seconds
      cpu time            0.00 seconds
      
17                                                         The SAS System                         09:46 Wednesday, November 16, 2022



NOTE: PROCEDURE DELETE used (Total process time):
      real time           0.00 seconds
      cpu time            0.00 seconds
      

290        
291        %getcohort(year=17, yeartag=1sam); *1sam;

NOTE: The data set WORK.GEOCOHORT17 has 0 observations and 6 variables.
NOTE: DATA statement used (Total process time):
      real time           0.01 seconds
      cpu time            0.00 seconds
      


NOTE: PROCEDURE SORT used (Total process time):
      real time           0.00 seconds
      cpu time            0.00 seconds
      


NOTE: The data set WORK.GEOCOHORT17 has 0 observations and 6 variables.
WARNING: Data set WORK.GEOCOHORT17 was not replaced because this step was stopped.
NOTE: DATA statement used (Total process time):
      real time           0.00 seconds
      cpu time            0.00 seconds
      


NOTE: PROCEDURE SORT used (Total process time):
      real time           0.00 seconds
      cpu time            0.00 seconds
      

ERROR: File WORK.DAYSPERMONTH.DATA does not exist.

WARNING: The variable STATE in the DROP, KEEP, or RENAME list has never been referenced.
WARNING: The variable NDAYS in the DROP, KEEP, or RENAME list has never been referenced.
ERROR: Variable NDAYS is not on file WORK.GEOCOHORT17.
NOTE: The SAS System stopped processing this step because of errors.
WARNING: The data set WORK.GEOCOHORT17 may be incomplete.  When this step was stopped there were 0 observations and 5 variables.
WARNING: Data set WORK.GEOCOHORT17 was not replaced because this step was stopped.
NOTE: DATA statement used (Total process time):
      real time           0.00 seconds
      cpu time            0.01 seconds
      



NOTE: PROCEDURE SORT used (Total process time):
      real time           0.00 seconds
      cpu time            0.00 seconds
      


WARNING: The variable STATE in the DROP, KEEP, or RENAME list has never been referenced.
18                                                         The SAS System                         09:46 Wednesday, November 16, 2022

NOTE: The data set WORK.GEOCOHORT17 has 0 observations and 5 variables.
WARNING: Data set WORK.GEOCOHORT17 was not replaced because this step was stopped.
NOTE: DATA statement used (Total process time):
      real time           0.00 seconds
      cpu time            0.00 seconds
      


WARNING: The variable STATE in the DROP, KEEP, or RENAME list has never been referenced.
NOTE: The data set WORK.GEOCOHORT17 has 0 observations and 3 variables.
WARNING: Data set WORK.GEOCOHORT17 was not replaced because this step was stopped.
NOTE: DATA statement used (Total process time):
      real time           0.00 seconds
      cpu time            0.00 seconds
      


NOTE: PROCEDURE SORT used (Total process time):
      real time           0.00 seconds
      cpu time            0.00 seconds
      

292        %getvisits(year=17, yeartag=1sam); *1sam;

NOTE: The data set WORK.GEOVISITS17 has 0 observations and 5 variables.
NOTE: DATA statement used (Total process time):
      real time           0.02 seconds
      cpu time            0.01 seconds
      


NOTE: The data set WORK.GEOVISITS17 has 0 observations and 5 variables.
WARNING: Data set WORK.GEOVISITS17 was not replaced because this step was stopped.
NOTE: DATA statement used (Total process time):
      real time           0.00 seconds
      cpu time            0.00 seconds
      


NOTE: PROCEDURE SORT used (Total process time):
      real time           0.00 seconds
      cpu time            0.00 seconds
      

ERROR: Variable ICD not found.

NOTE: The SAS System stopped processing this step because of errors.
NOTE: PROCEDURE SORT used (Total process time):
      real time           0.00 seconds
      cpu time            0.00 seconds
      


ERROR: Variable PRIORITY is not on file WORK.CCS_MAP.
ERROR: Invalid DROP, KEEP, or RENAME option on file WORK.CCS_MAP.

NOTE: Character values have been converted to numeric values at the places given by: (Line):(Column).
      292:40   
19                                                         The SAS System                         09:46 Wednesday, November 16, 2022

WARNING: The variable ICD in the DROP, KEEP, or RENAME list has never been referenced.
NOTE: The SAS System stopped processing this step because of errors.
WARNING: The data set WORK.GEOVISITS17 may be incomplete.  When this step was stopped there were 0 observations and 5 variables.
WARNING: Data set WORK.GEOVISITS17 was not replaced because this step was stopped.
NOTE: DATA statement used (Total process time):
      real time           0.00 seconds
      cpu time            0.00 seconds
      


ERROR: Variable ICD not found.

NOTE: The SAS System stopped processing this step because of errors.
NOTE: PROCEDURE SORT used (Total process time):
      real time           0.00 seconds
      cpu time            0.00 seconds
      


ERROR: Variable PRIORITY is not on file WORK.CCS_MAP.
ERROR: Invalid DROP, KEEP, or RENAME option on file WORK.CCS_MAP.

NOTE: Character values have been converted to numeric values at the places given by: (Line):(Column).
      292:213   
WARNING: The variable ICD in the DROP, KEEP, or RENAME list has never been referenced.
WARNING: The variable COND1 in the DROP, KEEP, or RENAME list has never been referenced.
WARNING: The variable PRIORITY1 in the DROP, KEEP, or RENAME list has never been referenced.
NOTE: The SAS System stopped processing this step because of errors.
WARNING: The data set WORK.GEOVISITS17 may be incomplete.  When this step was stopped there were 0 observations and 4 variables.
WARNING: Data set WORK.GEOVISITS17 was not replaced because this step was stopped.
NOTE: DATA statement used (Total process time):
      real time           0.00 seconds
      cpu time            0.00 seconds
      



NOTE: The data set WORK.GEOVISITS17 has 0 observations and 3 variables.
WARNING: Data set WORK.GEOVISITS17 was not replaced because this step was stopped.
NOTE: DATA statement used (Total process time):
      real time           0.00 seconds
      cpu time            0.00 seconds
      


NOTE: PROCEDURE SORT used (Total process time):
      real time           0.00 seconds
      cpu time            0.00 seconds
      

293        %reducedata(year=17, yeartag=1sam); *1sam;
ERROR: The variable PRIMARYCOND in the DROP, KEEP, or RENAME list has never been referenced.
ERROR: Invalid DROP, KEEP, or RENAME option on file WORK.GEOVISITS17.
ERROR: The variable STATE in the DROP, KEEP, or RENAME list has never been referenced.
ERROR: The variable AGEGRP in the DROP, KEEP, or RENAME list has never been referenced.
ERROR: Invalid DROP, KEEP, or RENAME option on file WORK.GEOCOHORT17.

WARNING: The variable STATE in the DROP, KEEP, or RENAME list has never been referenced.
20                                                         The SAS System                         09:46 Wednesday, November 16, 2022

WARNING: The variable AGEGRP in the DROP, KEEP, or RENAME list has never been referenced.
WARNING: The variable SEX in the DROP, KEEP, or RENAME list has never been referenced.
WARNING: The variable PRIMARYCOND in the DROP, KEEP, or RENAME list has never been referenced.
NOTE: The SAS System stopped processing this step because of errors.
WARNING: The data set WORK.GEOVISITS17 may be incomplete.  When this step was stopped there were 0 observations and 0 variables.
WARNING: Data set WORK.GEOVISITS17 was not replaced because this step was stopped.
NOTE: DATA statement used (Total process time):
      real time           0.00 seconds
      cpu time            0.00 seconds
      

ERROR: Variable STATE not found.
ERROR: Variable AGEGRP not found.
ERROR: Variable SEX not found.
ERROR: Variable PRIMARYCOND not found.

NOTE: The SAS System stopped processing this step because of errors.
NOTE: PROCEDURE SORT used (Total process time):
      real time           0.00 seconds
      cpu time            0.00 seconds
      



WARNING: The variable STATE in the DROP, KEEP, or RENAME list has never been referenced.
WARNING: The variable AGEGRP in the DROP, KEEP, or RENAME list has never been referenced.
WARNING: The variable SEX in the DROP, KEEP, or RENAME list has never been referenced.
WARNING: The variable PRIMARYCOND in the DROP, KEEP, or RENAME list has never been referenced.
NOTE: The data set WORK.GEOVISITS17 has 0 observations and 1 variables.
WARNING: Data set WORK.GEOVISITS17 was not replaced because this step was stopped.
NOTE: DATA statement used (Total process time):
      real time           0.00 seconds
      cpu time            0.00 seconds
      

ERROR: Variable STATE not found.
ERROR: Variable AGEGRP not found.

NOTE: The SAS System stopped processing this step because of errors.
NOTE: PROCEDURE SORT used (Total process time):
      real time           0.00 seconds
      cpu time            0.01 seconds
      



WARNING: The variable STATE in the DROP, KEEP, or RENAME list has never been referenced.
WARNING: The variable AGEGRP in the DROP, KEEP, or RENAME list has never been referenced.
NOTE: The data set WORK.GEOCOHORT17 has 0 observations and 2 variables.
WARNING: Data set WORK.GEOCOHORT17 was not replaced because this step was stopped.
NOTE: DATA statement used (Total process time):
      real time           0.00 seconds
      cpu time            0.00 seconds
      


NOTE: The data set WORK.GEOTABLE17 has 0 observations and 10 variables.
NOTE: DATA statement used (Total process time):
21                                                         The SAS System                         09:46 Wednesday, November 16, 2022

      real time           0.00 seconds
      cpu time            0.00 seconds
      


NOTE: The data set WORK.GEOTABLE17 has 0 observations and 12 variables.
WARNING: Data set WORK.GEOTABLE17 was not replaced because this step was stopped.
NOTE: DATA statement used (Total process time):
      real time           0.00 seconds
      cpu time            0.00 seconds
      

294        %cleanup(year=17, yeartag=1sam); *1sam;

NOTE: PROCEDURE DELETE used (Total process time):
      real time           0.00 seconds
      cpu time            0.00 seconds
      


NOTE: PROCEDURE DELETE used (Total process time):
      real time           0.00 seconds
      cpu time            0.00 seconds
      

295        
296        %getcohort(year=18, yeartag=1sam); *1sam;

NOTE: The data set WORK.GEOCOHORT18 has 0 observations and 6 variables.
NOTE: DATA statement used (Total process time):
      real time           0.01 seconds
      cpu time            0.01 seconds
      


NOTE: PROCEDURE SORT used (Total process time):
      real time           0.00 seconds
      cpu time            0.00 seconds
      


NOTE: The data set WORK.GEOCOHORT18 has 0 observations and 6 variables.
WARNING: Data set WORK.GEOCOHORT18 was not replaced because this step was stopped.
NOTE: DATA statement used (Total process time):
      real time           0.00 seconds
      cpu time            0.00 seconds
      


NOTE: PROCEDURE SORT used (Total process time):
      real time           0.00 seconds
      cpu time            0.00 seconds
      

ERROR: File WORK.DAYSPERMONTH.DATA does not exist.

WARNING: The variable STATE in the DROP, KEEP, or RENAME list has never been referenced.
WARNING: The variable NDAYS in the DROP, KEEP, or RENAME list has never been referenced.
22                                                         The SAS System                         09:46 Wednesday, November 16, 2022

ERROR: Variable NDAYS is not on file WORK.GEOCOHORT18.
NOTE: The SAS System stopped processing this step because of errors.
WARNING: The data set WORK.GEOCOHORT18 may be incomplete.  When this step was stopped there were 0 observations and 5 variables.
WARNING: Data set WORK.GEOCOHORT18 was not replaced because this step was stopped.
NOTE: DATA statement used (Total process time):
      real time           0.00 seconds
      cpu time            0.00 seconds
      



NOTE: PROCEDURE SORT used (Total process time):
      real time           0.00 seconds
      cpu time            0.00 seconds
      


WARNING: The variable STATE in the DROP, KEEP, or RENAME list has never been referenced.
NOTE: The data set WORK.GEOCOHORT18 has 0 observations and 5 variables.
WARNING: Data set WORK.GEOCOHORT18 was not replaced because this step was stopped.
NOTE: DATA statement used (Total process time):
      real time           0.00 seconds
      cpu time            0.00 seconds
      


WARNING: The variable STATE in the DROP, KEEP, or RENAME list has never been referenced.
NOTE: The data set WORK.GEOCOHORT18 has 0 observations and 3 variables.
WARNING: Data set WORK.GEOCOHORT18 was not replaced because this step was stopped.
NOTE: DATA statement used (Total process time):
      real time           0.00 seconds
      cpu time            0.00 seconds
      


NOTE: PROCEDURE SORT used (Total process time):
      real time           0.00 seconds
      cpu time            0.00 seconds
      

297        %getvisits(year=18, yeartag=1sam); *1sam;

NOTE: The data set WORK.GEOVISITS18 has 0 observations and 5 variables.
NOTE: DATA statement used (Total process time):
      real time           0.02 seconds
      cpu time            0.00 seconds
      


NOTE: The data set WORK.GEOVISITS18 has 0 observations and 5 variables.
WARNING: Data set WORK.GEOVISITS18 was not replaced because this step was stopped.
NOTE: DATA statement used (Total process time):
      real time           0.00 seconds
      cpu time            0.00 seconds
      


NOTE: PROCEDURE SORT used (Total process time):
23                                                         The SAS System                         09:46 Wednesday, November 16, 2022

      real time           0.00 seconds
      cpu time            0.00 seconds
      

ERROR: Variable ICD not found.

NOTE: The SAS System stopped processing this step because of errors.
NOTE: PROCEDURE SORT used (Total process time):
      real time           0.00 seconds
      cpu time            0.00 seconds
      


ERROR: Variable PRIORITY is not on file WORK.CCS_MAP.
ERROR: Invalid DROP, KEEP, or RENAME option on file WORK.CCS_MAP.

NOTE: Character values have been converted to numeric values at the places given by: (Line):(Column).
      297:40   
WARNING: The variable ICD in the DROP, KEEP, or RENAME list has never been referenced.
NOTE: The SAS System stopped processing this step because of errors.
WARNING: The data set WORK.GEOVISITS18 may be incomplete.  When this step was stopped there were 0 observations and 5 variables.
WARNING: Data set WORK.GEOVISITS18 was not replaced because this step was stopped.
NOTE: DATA statement used (Total process time):
      real time           0.00 seconds
      cpu time            0.00 seconds
      


ERROR: Variable ICD not found.

NOTE: The SAS System stopped processing this step because of errors.
NOTE: PROCEDURE SORT used (Total process time):
      real time           0.00 seconds
      cpu time            0.01 seconds
      


ERROR: Variable PRIORITY is not on file WORK.CCS_MAP.
ERROR: Invalid DROP, KEEP, or RENAME option on file WORK.CCS_MAP.

NOTE: Character values have been converted to numeric values at the places given by: (Line):(Column).
      297:213   
WARNING: The variable ICD in the DROP, KEEP, or RENAME list has never been referenced.
WARNING: The variable COND1 in the DROP, KEEP, or RENAME list has never been referenced.
WARNING: The variable PRIORITY1 in the DROP, KEEP, or RENAME list has never been referenced.
NOTE: The SAS System stopped processing this step because of errors.
WARNING: The data set WORK.GEOVISITS18 may be incomplete.  When this step was stopped there were 0 observations and 4 variables.
WARNING: Data set WORK.GEOVISITS18 was not replaced because this step was stopped.
NOTE: DATA statement used (Total process time):
      real time           0.00 seconds
      cpu time            0.01 seconds
      



NOTE: The data set WORK.GEOVISITS18 has 0 observations and 3 variables.
WARNING: Data set WORK.GEOVISITS18 was not replaced because this step was stopped.
NOTE: DATA statement used (Total process time):
24                                                         The SAS System                         09:46 Wednesday, November 16, 2022

      real time           0.00 seconds
      cpu time            0.00 seconds
      


NOTE: PROCEDURE SORT used (Total process time):
      real time           0.00 seconds
      cpu time            0.00 seconds
      

298        %reducedata(year=18, yeartag=1sam); *1sam;
ERROR: The variable PRIMARYCOND in the DROP, KEEP, or RENAME list has never been referenced.
ERROR: Invalid DROP, KEEP, or RENAME option on file WORK.GEOVISITS18.
ERROR: The variable STATE in the DROP, KEEP, or RENAME list has never been referenced.
ERROR: The variable AGEGRP in the DROP, KEEP, or RENAME list has never been referenced.
ERROR: Invalid DROP, KEEP, or RENAME option on file WORK.GEOCOHORT18.

WARNING: The variable STATE in the DROP, KEEP, or RENAME list has never been referenced.
WARNING: The variable AGEGRP in the DROP, KEEP, or RENAME list has never been referenced.
WARNING: The variable SEX in the DROP, KEEP, or RENAME list has never been referenced.
WARNING: The variable PRIMARYCOND in the DROP, KEEP, or RENAME list has never been referenced.
NOTE: The SAS System stopped processing this step because of errors.
WARNING: The data set WORK.GEOVISITS18 may be incomplete.  When this step was stopped there were 0 observations and 0 variables.
WARNING: Data set WORK.GEOVISITS18 was not replaced because this step was stopped.
NOTE: DATA statement used (Total process time):
      real time           0.00 seconds
      cpu time            0.00 seconds
      

ERROR: Variable STATE not found.
ERROR: Variable AGEGRP not found.
ERROR: Variable SEX not found.
ERROR: Variable PRIMARYCOND not found.

NOTE: The SAS System stopped processing this step because of errors.
NOTE: PROCEDURE SORT used (Total process time):
      real time           0.00 seconds
      cpu time            0.00 seconds
      



WARNING: The variable STATE in the DROP, KEEP, or RENAME list has never been referenced.
WARNING: The variable AGEGRP in the DROP, KEEP, or RENAME list has never been referenced.
WARNING: The variable SEX in the DROP, KEEP, or RENAME list has never been referenced.
WARNING: The variable PRIMARYCOND in the DROP, KEEP, or RENAME list has never been referenced.
NOTE: The data set WORK.GEOVISITS18 has 0 observations and 1 variables.
WARNING: Data set WORK.GEOVISITS18 was not replaced because this step was stopped.
NOTE: DATA statement used (Total process time):
      real time           0.00 seconds
      cpu time            0.00 seconds
      

ERROR: Variable STATE not found.
ERROR: Variable AGEGRP not found.

NOTE: The SAS System stopped processing this step because of errors.
NOTE: PROCEDURE SORT used (Total process time):
25                                                         The SAS System                         09:46 Wednesday, November 16, 2022

      real time           0.00 seconds
      cpu time            0.00 seconds
      



WARNING: The variable STATE in the DROP, KEEP, or RENAME list has never been referenced.
WARNING: The variable AGEGRP in the DROP, KEEP, or RENAME list has never been referenced.
NOTE: The data set WORK.GEOCOHORT18 has 0 observations and 2 variables.
WARNING: Data set WORK.GEOCOHORT18 was not replaced because this step was stopped.
NOTE: DATA statement used (Total process time):
      real time           0.00 seconds
      cpu time            0.00 seconds
      


NOTE: The data set WORK.GEOTABLE18 has 0 observations and 10 variables.
NOTE: DATA statement used (Total process time):
      real time           0.00 seconds
      cpu time            0.00 seconds
      


NOTE: The data set WORK.GEOTABLE18 has 0 observations and 12 variables.
WARNING: Data set WORK.GEOTABLE18 was not replaced because this step was stopped.
NOTE: DATA statement used (Total process time):
      real time           0.00 seconds
      cpu time            0.00 seconds
      

299        %cleanup(year=18, yeartag=1sam); *1sam;

NOTE: PROCEDURE DELETE used (Total process time):
      real time           0.00 seconds
      cpu time            0.00 seconds
      


NOTE: PROCEDURE DELETE used (Total process time):
      real time           0.00 seconds
      cpu time            0.00 seconds
      

300        
301        %getcohort(year=19, yeartag=1sam); *1sam;
ERROR: Libref DAT19 is not assigned.

WARNING: The variable AGE in the DROP, KEEP, or RENAME list has never been referenced.
WARNING: The variable EGEOLOC in the DROP, KEEP, or RENAME list has never been referenced.
WARNING: The variable ENROLID in the DROP, KEEP, or RENAME list has never been referenced.
WARNING: The variable MEMDAYS in the DROP, KEEP, or RENAME list has never been referenced.
WARNING: The variable SEX in the DROP, KEEP, or RENAME list has never been referenced.
NOTE: The SAS System stopped processing this step because of errors.
WARNING: The data set WORK.GEOCOHORT19 may be incomplete.  When this step was stopped there were 0 observations and 1 variables.
NOTE: DATA statement used (Total process time):
      real time           0.00 seconds
      cpu time            0.00 seconds
      
26                                                         The SAS System                         09:46 Wednesday, November 16, 2022


ERROR: Variable EGEOLOC not found.

NOTE: The SAS System stopped processing this step because of errors.
NOTE: PROCEDURE SORT used (Total process time):
      real time           0.00 seconds
      cpu time            0.00 seconds
      



WARNING: The variable AGE in the DROP, KEEP, or RENAME list has never been referenced.
WARNING: The variable ENROLID in the DROP, KEEP, or RENAME list has never been referenced.
WARNING: The variable MEMDAYS in the DROP, KEEP, or RENAME list has never been referenced.
WARNING: The variable SEX in the DROP, KEEP, or RENAME list has never been referenced.
NOTE: The data set WORK.GEOCOHORT19 has 0 observations and 2 variables.
WARNING: Data set WORK.GEOCOHORT19 was not replaced because this step was stopped.
NOTE: DATA statement used (Total process time):
      real time           0.00 seconds
      cpu time            0.01 seconds
      


NOTE: PROCEDURE SORT used (Total process time):
      real time           0.00 seconds
      cpu time            0.00 seconds
      

ERROR: File WORK.DAYSPERMONTH.DATA does not exist.

WARNING: The variable AGE in the DROP, KEEP, or RENAME list has never been referenced.
WARNING: The variable STATE in the DROP, KEEP, or RENAME list has never been referenced.
WARNING: The variable ENROLID in the DROP, KEEP, or RENAME list has never been referenced.
WARNING: The variable MEMDAYS in the DROP, KEEP, or RENAME list has never been referenced.
WARNING: The variable SEX in the DROP, KEEP, or RENAME list has never been referenced.
WARNING: The variable NDAYS in the DROP, KEEP, or RENAME list has never been referenced.
ERROR: Variable MEMDAYS is not on file WORK.GEOCOHORT19.
NOTE: The SAS System stopped processing this step because of errors.
WARNING: The data set WORK.GEOCOHORT19 may be incomplete.  When this step was stopped there were 0 observations and 1 variables.
WARNING: Data set WORK.GEOCOHORT19 was not replaced because this step was stopped.
NOTE: DATA statement used (Total process time):
      real time           0.00 seconds
      cpu time            0.00 seconds
      


ERROR: Variable ENROLID not found.

NOTE: The SAS System stopped processing this step because of errors.
NOTE: PROCEDURE SORT used (Total process time):
      real time           0.00 seconds
      cpu time            0.00 seconds
      



WARNING: The variable AGE in the DROP, KEEP, or RENAME list has never been referenced.
WARNING: The variable STATE in the DROP, KEEP, or RENAME list has never been referenced.
27                                                         The SAS System                         09:46 Wednesday, November 16, 2022

WARNING: The variable ENROLID in the DROP, KEEP, or RENAME list has never been referenced.
WARNING: The variable SEX in the DROP, KEEP, or RENAME list has never been referenced.
NOTE: The data set WORK.GEOCOHORT19 has 0 observations and 2 variables.
WARNING: Data set WORK.GEOCOHORT19 was not replaced because this step was stopped.
NOTE: DATA statement used (Total process time):
      real time           0.00 seconds
      cpu time            0.00 seconds
      


WARNING: The variable STATE in the DROP, KEEP, or RENAME list has never been referenced.
WARNING: The variable ENROLID in the DROP, KEEP, or RENAME list has never been referenced.
WARNING: The variable SEX in the DROP, KEEP, or RENAME list has never been referenced.
NOTE: The data set WORK.GEOCOHORT19 has 0 observations and 1 variables.
WARNING: Data set WORK.GEOCOHORT19 was not replaced because this step was stopped.
NOTE: DATA statement used (Total process time):
      real time           0.00 seconds
      cpu time            0.00 seconds
      

ERROR: Variable ENROLID not found.

NOTE: The SAS System stopped processing this step because of errors.
NOTE: PROCEDURE SORT used (Total process time):
      real time           0.00 seconds
      cpu time            0.00 seconds
      
302        %getvisits(year=19, yeartag=1sam); *1sam;


ERROR: Libref DAT19 is not assigned.

WARNING: The variable DX1 in the DROP, KEEP, or RENAME list has never been referenced.
WARNING: The variable DX2 in the DROP, KEEP, or RENAME list has never been referenced.
WARNING: The variable ENROLID in the DROP, KEEP, or RENAME list has never been referenced.
WARNING: The variable SVCDATE in the DROP, KEEP, or RENAME list has never been referenced.
WARNING: The variable DXVER in the DROP, KEEP, or RENAME list has never been referenced.
NOTE: The SAS System stopped processing this step because of errors.
WARNING: The data set WORK.GEOVISITS19 may be incomplete.  When this step was stopped there were 0 observations and 0 variables.
NOTE: DATA statement used (Total process time):
      real time           0.00 seconds
      cpu time            0.00 seconds
      


ERROR: Variable DX1 is not on file WORK.GEOVISITS19.
ERROR: Variable DX2 is not on file WORK.GEOVISITS19.
ERROR: Invalid DROP, KEEP, or RENAME option on file WORK.GEOVISITS19.

WARNING: The variable ENROLID in the DROP, KEEP, or RENAME list has never been referenced.
WARNING: The variable SVCDATE in the DROP, KEEP, or RENAME list has never been referenced.
WARNING: The variable ICD in the DROP, KEEP, or RENAME list has never been referenced.
WARNING: The variable DXVER in the DROP, KEEP, or RENAME list has never been referenced.
NOTE: The SAS System stopped processing this step because of errors.
WARNING: The data set WORK.GEOVISITS19 may be incomplete.  When this step was stopped there were 0 observations and 2 variables.
WARNING: Data set WORK.GEOVISITS19 was not replaced because this step was stopped.
NOTE: DATA statement used (Total process time):
      real time           0.00 seconds
28                                                         The SAS System                         09:46 Wednesday, November 16, 2022

      cpu time            0.00 seconds
      


ERROR: Variable ENROLID not found.
ERROR: Variable SVCDATE not found.

NOTE: The SAS System stopped processing this step because of errors.
NOTE: PROCEDURE SORT used (Total process time):
      real time           0.00 seconds
      cpu time            0.00 seconds
      


ERROR: Variable DX1 not found.
ERROR: Variable ICD not found.

NOTE: The SAS System stopped processing this step because of errors.
NOTE: PROCEDURE SORT used (Total process time):
      real time           0.00 seconds
      cpu time            0.00 seconds
      


ERROR: Variable PRIORITY is not on file WORK.CCS_MAP.
ERROR: Invalid DROP, KEEP, or RENAME option on file WORK.CCS_MAP.

NOTE: Character values have been converted to numeric values at the places given by: (Line):(Column).
      302:40   
WARNING: The variable DX2 in the DROP, KEEP, or RENAME list has never been referenced.
WARNING: The variable ENROLID in the DROP, KEEP, or RENAME list has never been referenced.
WARNING: The variable SVCDATE in the DROP, KEEP, or RENAME list has never been referenced.
WARNING: The variable ICD in the DROP, KEEP, or RENAME list has never been referenced.
NOTE: The SAS System stopped processing this step because of errors.
WARNING: The data set WORK.GEOVISITS19 may be incomplete.  When this step was stopped there were 0 observations and 2 variables.
WARNING: Data set WORK.GEOVISITS19 was not replaced because this step was stopped.
NOTE: DATA statement used (Total process time):
      real time           0.00 seconds
      cpu time            0.00 seconds
      


ERROR: Variable DX2 not found.
ERROR: Variable ICD not found.

NOTE: The SAS System stopped processing this step because of errors.
NOTE: PROCEDURE SORT used (Total process time):
      real time           0.00 seconds
      cpu time            0.00 seconds
      


ERROR: Variable PRIORITY is not on file WORK.CCS_MAP.
ERROR: Invalid DROP, KEEP, or RENAME option on file WORK.CCS_MAP.

NOTE: Character values have been converted to numeric values at the places given by: (Line):(Column).
      302:213   
WARNING: The variable ENROLID in the DROP, KEEP, or RENAME list has never been referenced.
29                                                         The SAS System                         09:46 Wednesday, November 16, 2022

WARNING: The variable SVCDATE in the DROP, KEEP, or RENAME list has never been referenced.
WARNING: The variable ICD in the DROP, KEEP, or RENAME list has never been referenced.
WARNING: The variable COND1 in the DROP, KEEP, or RENAME list has never been referenced.
WARNING: The variable PRIORITY1 in the DROP, KEEP, or RENAME list has never been referenced.
NOTE: The SAS System stopped processing this step because of errors.
WARNING: The data set WORK.GEOVISITS19 may be incomplete.  When this step was stopped there were 0 observations and 2 variables.
WARNING: Data set WORK.GEOVISITS19 was not replaced because this step was stopped.
NOTE: DATA statement used (Total process time):
      real time           0.00 seconds
      cpu time            0.00 seconds
      



WARNING: The variable ENROLID in the DROP, KEEP, or RENAME list has never been referenced.
WARNING: The variable SVCDATE in the DROP, KEEP, or RENAME list has never been referenced.
NOTE: The data set WORK.GEOVISITS19 has 0 observations and 1 variables.
WARNING: Data set WORK.GEOVISITS19 was not replaced because this step was stopped.
NOTE: DATA statement used (Total process time):
      real time           0.00 seconds
      cpu time            0.00 seconds
      

ERROR: Variable ENROLID not found.
ERROR: Variable SVCDATE not found.

NOTE: The SAS System stopped processing this step because of errors.
NOTE: PROCEDURE SORT used (Total process time):
      real time           0.00 seconds
      cpu time            0.00 seconds
      
303        %reducedata(year=19, yeartag=1sam); *1sam;


ERROR: The variable ENROLID in the DROP, KEEP, or RENAME list has never been referenced.
ERROR: The variable PRIMARYCOND in the DROP, KEEP, or RENAME list has never been referenced.
ERROR: Invalid DROP, KEEP, or RENAME option on file WORK.GEOVISITS19.
ERROR: The variable ENROLID in the DROP, KEEP, or RENAME list has never been referenced.
ERROR: The variable STATE in the DROP, KEEP, or RENAME list has never been referenced.
ERROR: The variable AGEGRP in the DROP, KEEP, or RENAME list has never been referenced.
ERROR: The variable SEX in the DROP, KEEP, or RENAME list has never been referenced.
ERROR: Invalid DROP, KEEP, or RENAME option on file WORK.GEOCOHORT19.

WARNING: The variable STATE in the DROP, KEEP, or RENAME list has never been referenced.
WARNING: The variable AGEGRP in the DROP, KEEP, or RENAME list has never been referenced.
WARNING: The variable SEX in the DROP, KEEP, or RENAME list has never been referenced.
WARNING: The variable PRIMARYCOND in the DROP, KEEP, or RENAME list has never been referenced.
NOTE: The SAS System stopped processing this step because of errors.
WARNING: The data set WORK.GEOVISITS19 may be incomplete.  When this step was stopped there were 0 observations and 0 variables.
WARNING: Data set WORK.GEOVISITS19 was not replaced because this step was stopped.
NOTE: DATA statement used (Total process time):
      real time           0.00 seconds
      cpu time            0.00 seconds
      

ERROR: Variable STATE not found.
ERROR: Variable AGEGRP not found.
ERROR: Variable SEX not found.
30                                                         The SAS System                         09:46 Wednesday, November 16, 2022

ERROR: Variable PRIMARYCOND not found.

NOTE: The SAS System stopped processing this step because of errors.
NOTE: PROCEDURE SORT used (Total process time):
      real time           0.00 seconds
      cpu time            0.00 seconds
      



WARNING: The variable STATE in the DROP, KEEP, or RENAME list has never been referenced.
WARNING: The variable AGEGRP in the DROP, KEEP, or RENAME list has never been referenced.
WARNING: The variable SEX in the DROP, KEEP, or RENAME list has never been referenced.
WARNING: The variable PRIMARYCOND in the DROP, KEEP, or RENAME list has never been referenced.
NOTE: The data set WORK.GEOVISITS19 has 0 observations and 1 variables.
WARNING: Data set WORK.GEOVISITS19 was not replaced because this step was stopped.
NOTE: DATA statement used (Total process time):
      real time           0.00 seconds
      cpu time            0.00 seconds
      

ERROR: Variable STATE not found.
ERROR: Variable AGEGRP not found.
ERROR: Variable SEX not found.

NOTE: The SAS System stopped processing this step because of errors.
NOTE: PROCEDURE SORT used (Total process time):
      real time           0.00 seconds
      cpu time            0.00 seconds
      



WARNING: The variable STATE in the DROP, KEEP, or RENAME list has never been referenced.
WARNING: The variable AGEGRP in the DROP, KEEP, or RENAME list has never been referenced.
WARNING: The variable SEX in the DROP, KEEP, or RENAME list has never been referenced.
NOTE: The data set WORK.GEOCOHORT19 has 0 observations and 1 variables.
WARNING: Data set WORK.GEOCOHORT19 was not replaced because this step was stopped.
NOTE: DATA statement used (Total process time):
      real time           0.00 seconds
      cpu time            0.00 seconds
      


NOTE: The data set WORK.GEOTABLE19 has 0 observations and 1 variables.
NOTE: DATA statement used (Total process time):
      real time           0.00 seconds
      cpu time            0.01 seconds
      


NOTE: The data set WORK.GEOTABLE19 has 0 observations and 3 variables.
WARNING: Data set WORK.GEOTABLE19 was not replaced because this step was stopped.
NOTE: DATA statement used (Total process time):
      real time           0.00 seconds
      cpu time            0.00 seconds
      

31                                                         The SAS System                         09:46 Wednesday, November 16, 2022

304        %cleanup(year=19, yeartag=1sam); *1sam;

NOTE: PROCEDURE DELETE used (Total process time):
      real time           0.00 seconds
      cpu time            0.00 seconds
      


NOTE: PROCEDURE DELETE used (Total process time):
      real time           0.00 seconds
      cpu time            0.00 seconds
      

305        
NOTE: PROCEDURE EXPORT used (Total process time):
      real time           0.00 seconds
      cpu time            0.00 seconds
      
NOTE: The SAS System stopped processing this step because of errors.
306        proc export data=GeoTable15
307        	outfile='/home/kissler/StrepPharyngitis/output/private/GeoTable15_2022-11-16.csv'
308        	dbms=csv
309        	replace;
310        run;
311        


NOTE: PROCEDURE EXPORT used (Total process time):
      real time           0.00 seconds
      cpu time            0.00 seconds
      
NOTE: The SAS System stopped processing this step because of errors.
312        proc export data=GeoTable16
313        	outfile='/home/kissler/StrepPharyngitis/output/private/GeoTable16_2022-11-16.csv'
314        	dbms=csv
315        	replace;
316        run;
317        


NOTE: PROCEDURE EXPORT used (Total process time):
      real time           0.00 seconds
      cpu time            0.00 seconds
      
NOTE: The SAS System stopped processing this step because of errors.
318        proc export data=GeoTable17
319        	outfile='/home/kissler/StrepPharyngitis/output/private/GeoTable17_2022-11-16.csv'
320        	dbms=csv
321        	replace;
322        run;
323        


NOTE: PROCEDURE EXPORT used (Total process time):
      real time           0.00 seconds
      cpu time            0.00 seconds
      
NOTE: The SAS System stopped processing this step because of errors.
32                                                         The SAS System                         09:46 Wednesday, November 16, 2022

324        proc export data=GeoTable18
325        	outfile='/home/kissler/StrepPharyngitis/output/private/GeoTable18_2022-11-16.csv'
326        	dbms=csv
327        	replace;
328        run;
329        


NOTE: PROCEDURE EXPORT used (Total process time):
      real time           0.00 seconds
      cpu time            0.00 seconds
      
NOTE: The SAS System stopped processing this step because of errors.
330        proc export data=GeoTable19
331        	outfile='/home/kissler/StrepPharyngitis/output/private/GeoTable19_2022-11-16.csv'
332        	dbms=csv
333        	replace;
334        run;


ERROR: Errors printed on pages 1,2,3,4,9,10,11,12,13,14,15,16,17,18,19,20,21,22,23,24,25,26,27,28,29,30.

NOTE: SAS Institute Inc., SAS Campus Drive, Cary, NC USA 27513-2414
NOTE: The SAS System used:
      real time           0.66 seconds
      cpu time            0.24 seconds
      
